mode: set
chessboard/chess/queen.go:9.51,10.33 1 1
chessboard/chess/queen.go:13.2,13.72 1 1
chessboard/chess/queen.go:10.33,12.3 1 0
chessboard/chess/queen.go:16.41,19.2 2 1
chessboard/chess/rook.go:8.49,9.33 1 1
chessboard/chess/rook.go:12.2,12.71 1 1
chessboard/chess/rook.go:9.33,11.3 1 1
chessboard/chess/rook.go:15.39,18.2 2 1
chessboard/chess/utils.go:10.44,13.37 2 1
chessboard/chess/utils.go:16.2,16.10 1 0
chessboard/chess/utils.go:13.37,15.3 1 1
chessboard/chess/utils.go:19.55,26.2 5 1
chessboard/chess/utils.go:30.71,32.20 2 1
chessboard/chess/utils.go:35.2,37.13 3 1
chessboard/chess/utils.go:47.2,47.20 1 1
chessboard/chess/utils.go:32.20,34.3 1 1
chessboard/chess/utils.go:37.13,38.16 1 1
chessboard/chess/utils.go:44.3,44.10 1 1
chessboard/chess/utils.go:38.16,41.4 2 1
chessboard/chess/utils.go:41.8,42.9 1 1
chessboard/chess/utils.go:50.72,52.20 2 1
chessboard/chess/utils.go:55.2,57.13 3 1
chessboard/chess/utils.go:66.2,66.20 1 1
chessboard/chess/utils.go:52.20,54.3 1 1
chessboard/chess/utils.go:57.13,58.16 1 1
chessboard/chess/utils.go:64.3,64.10 1 1
chessboard/chess/utils.go:58.16,61.4 2 1
chessboard/chess/utils.go:61.8,62.9 1 1
chessboard/chess/utils.go:69.68,72.20 2 1
chessboard/chess/utils.go:75.2,77.13 3 1
chessboard/chess/utils.go:84.2,84.20 1 1
chessboard/chess/utils.go:72.20,74.3 1 1
chessboard/chess/utils.go:77.13,78.16 1 1
chessboard/chess/utils.go:82.3,82.10 1 1
chessboard/chess/utils.go:78.16,81.4 2 1
chessboard/chess/utils.go:87.69,90.20 2 1
chessboard/chess/utils.go:93.2,95.13 3 1
chessboard/chess/utils.go:104.2,104.20 1 1
chessboard/chess/utils.go:90.20,92.3 1 1
chessboard/chess/utils.go:95.13,96.16 1 1
chessboard/chess/utils.go:102.3,102.10 1 1
chessboard/chess/utils.go:96.16,99.4 2 1
chessboard/chess/utils.go:99.8,100.9 1 1
chessboard/chess/utils.go:107.76,110.39 2 1
chessboard/chess/utils.go:113.2,115.13 3 1
chessboard/chess/utils.go:125.2,125.20 1 1
chessboard/chess/utils.go:110.39,112.3 1 1
chessboard/chess/utils.go:115.13,116.30 1 1
chessboard/chess/utils.go:123.3,123.10 1 1
chessboard/chess/utils.go:116.30,120.4 3 1
chessboard/chess/utils.go:120.8,121.9 1 1
chessboard/chess/utils.go:128.75,131.39 2 1
chessboard/chess/utils.go:134.2,136.13 3 1
chessboard/chess/utils.go:146.2,146.20 1 1
chessboard/chess/utils.go:131.39,133.3 1 1
chessboard/chess/utils.go:136.13,137.30 1 1
chessboard/chess/utils.go:144.3,144.10 1 1
chessboard/chess/utils.go:137.30,141.4 3 1
chessboard/chess/utils.go:141.8,142.9 1 1
chessboard/chess/utils.go:149.77,152.39 2 1
chessboard/chess/utils.go:155.2,157.13 3 1
chessboard/chess/utils.go:167.2,167.20 1 1
chessboard/chess/utils.go:152.39,154.3 1 1
chessboard/chess/utils.go:157.13,158.30 1 1
chessboard/chess/utils.go:165.3,165.10 1 1
chessboard/chess/utils.go:158.30,162.4 3 1
chessboard/chess/utils.go:162.8,163.9 1 1
chessboard/chess/utils.go:170.76,173.39 2 1
chessboard/chess/utils.go:176.2,178.13 3 1
chessboard/chess/utils.go:188.2,188.20 1 1
chessboard/chess/utils.go:173.39,175.3 1 1
chessboard/chess/utils.go:178.13,179.30 1 1
chessboard/chess/utils.go:186.3,186.10 1 1
chessboard/chess/utils.go:179.30,183.4 3 1
chessboard/chess/utils.go:183.8,184.9 1 1
chessboard/chess/utils.go:191.68,193.46 2 1
chessboard/chess/utils.go:196.2,196.11 1 0
chessboard/chess/utils.go:193.46,195.3 1 1
chessboard/chess/utils.go:199.70,202.37 3 1
chessboard/chess/utils.go:264.2,264.48 1 1
chessboard/chess/utils.go:268.2,268.23 1 1
chessboard/chess/utils.go:202.37,203.13 1 1
chessboard/chess/utils.go:204.13,206.19 2 1
chessboard/chess/utils.go:211.13,213.16 2 1
chessboard/chess/utils.go:218.13,220.16 2 1
chessboard/chess/utils.go:225.13,227.16 2 1
chessboard/chess/utils.go:232.14,234.16 2 1
chessboard/chess/utils.go:239.14,241.16 2 1
chessboard/chess/utils.go:246.14,248.16 2 1
chessboard/chess/utils.go:253.14,255.16 2 1
chessboard/chess/utils.go:206.19,207.41 1 1
chessboard/chess/utils.go:207.41,209.6 1 1
chessboard/chess/utils.go:213.16,214.41 1 1
chessboard/chess/utils.go:214.41,216.5 1 1
chessboard/chess/utils.go:220.16,221.37 1 1
chessboard/chess/utils.go:221.37,223.5 1 1
chessboard/chess/utils.go:227.16,228.38 1 1
chessboard/chess/utils.go:228.38,230.5 1 1
chessboard/chess/utils.go:234.16,235.38 1 1
chessboard/chess/utils.go:235.38,237.5 1 1
chessboard/chess/utils.go:241.16,242.38 1 1
chessboard/chess/utils.go:242.38,244.5 1 1
chessboard/chess/utils.go:248.16,249.38 1 1
chessboard/chess/utils.go:249.38,251.5 1 1
chessboard/chess/utils.go:255.16,256.38 1 1
chessboard/chess/utils.go:256.38,258.5 1 1
chessboard/chess/utils.go:264.48,266.3 1 1
chessboard/chess/bishop.go:8.53,9.33 1 1
chessboard/chess/bishop.go:12.2,12.73 1 1
chessboard/chess/bishop.go:9.33,11.3 1 1
chessboard/chess/bishop.go:15.43,18.2 2 1
chessboard/chess/king.go:8.49,9.33 1 1
chessboard/chess/king.go:12.2,12.71 1 1
chessboard/chess/king.go:9.33,11.3 1 1
chessboard/chess/king.go:15.39,18.2 2 1
chessboard/chess/knight.go:8.53,9.33 1 1
chessboard/chess/knight.go:12.2,12.73 1 1
chessboard/chess/knight.go:9.33,11.3 1 1
chessboard/chess/knight.go:15.43,21.44 5 1
chessboard/chess/knight.go:26.2,26.45 1 1
chessboard/chess/knight.go:30.2,30.29 1 1
chessboard/chess/knight.go:35.2,35.29 1 1
chessboard/chess/knight.go:40.2,40.44 1 1
chessboard/chess/knight.go:44.2,44.29 1 1
chessboard/chess/knight.go:49.2,49.29 1 1
chessboard/chess/knight.go:54.2,54.29 1 1
chessboard/chess/knight.go:58.2,58.48 1 1
chessboard/chess/knight.go:62.2,62.23 1 1
chessboard/chess/knight.go:21.44,23.3 1 1
chessboard/chess/knight.go:26.45,28.3 1 1
chessboard/chess/knight.go:30.29,32.3 1 1
chessboard/chess/knight.go:35.29,37.3 1 1
chessboard/chess/knight.go:40.44,42.3 1 1
chessboard/chess/knight.go:44.29,46.3 1 1
chessboard/chess/knight.go:49.29,51.3 1 1
chessboard/chess/knight.go:54.29,56.3 1 1
chessboard/chess/knight.go:58.48,60.3 1 1
chessboard/chess/pawn.go:9.49,10.33 1 1
chessboard/chess/pawn.go:13.2,13.71 1 1
chessboard/chess/pawn.go:10.33,12.3 1 1
chessboard/chess/pawn.go:16.39,19.2 2 1
chessboard/chess/piece.go:27.50,28.33 1 1
chessboard/chess/piece.go:32.2,32.13 1 1
chessboard/chess/piece.go:46.2,46.12 1 0
chessboard/chess/piece.go:28.33,30.3 1 1
chessboard/chess/piece.go:33.14,34.35 1 1
chessboard/chess/piece.go:35.14,36.35 1 1
chessboard/chess/piece.go:37.15,38.37 1 1
chessboard/chess/piece.go:39.14,40.35 1 1
chessboard/chess/piece.go:41.16,42.39 1 1
chessboard/chess/piece.go:43.16,44.39 1 0
